params, loss = [0.12 0.75] 2.051634230840255e-05
params, loss = [0.12000001 0.75      ] 2.0516329853636912e-05
params, loss = [0.12       0.75000001] 2.0516338899262875e-05
params, loss = [0.12083583 0.75022878] 1.97736567082427e-05
params, loss = [0.12083584 0.75022878] 1.977364451382535e-05
params, loss = [0.12083583 0.7502288 ] 1.977365338146748e-05
params, loss = [0.12417913 0.75114392] 1.6960582400444203e-05
params, loss = [0.12417914 0.75114392] 1.696057125137198e-05
params, loss = [0.12417913 0.75114393] 1.6960579368452675e-05
params, loss = [0.1331147  0.75358661] 1.0683553169693736e-05
params, loss = [0.13311472 0.75358661] 1.068354482068514e-05
params, loss = [0.1331147  0.75358663] 1.0683550958331539e-05
params, loss = [0.15422019 0.75934362] 3.068318533745073e-06
params, loss = [0.15422021 0.75934362] 3.0683168284326153e-06
params, loss = [0.15422019 0.75934363] 3.0683182498968185e-06
params, loss = [0.15947201 0.76076208] 2.7561916682075792e-06
params, loss = [0.15947202 0.76076208] 2.7561916256720465e-06
params, loss = [0.15947201 0.76076209] 2.7561918701454478e-06
params, loss = [0.15944074 0.76073932] 2.755987575426131e-06
params, loss = [0.15944075 0.76073932] 2.7559875222504408e-06
params, loss = [0.15944074 0.76073934] 2.755987774974881e-06
params, loss = [0.15941215 0.76070092] 2.7555956351518805e-06
params, loss = [0.15941217 0.76070092] 2.755595572241955e-06
params, loss = [0.15941215 0.76070093] 2.7555958296392273e-06
params, loss = [0.15929781 0.76054731] 2.7543404320795827e-06
params, loss = [0.15929783 0.76054731] 2.75434031768581e-06
params, loss = [0.15929781 0.76054732] 2.7543406117473457e-06
params, loss = [0.15919327 0.76020479] 2.7513817452340985e-06
params, loss = [0.15919329 0.76020479] 2.751381571728896e-06
params, loss = [0.15919327 0.76020481] 2.7513819102697845e-06
params, loss = [0.15912402 0.75959236] 2.7460837570129915e-06
params, loss = [0.15912403 0.75959236] 2.7460835124356724e-06
params, loss = [0.15912402 0.75959237] 2.746083900345671e-06
params, loss = [0.15913272 0.75849461] 2.736476786571749e-06
params, loss = [0.15913273 0.75849461] 2.7364764481567562e-06
params, loss = [0.15913272 0.75849463] 2.736476899554158e-06
params, loss = [0.15931699 0.7564871 ] 2.7185494445524147e-06
params, loss = [0.159317  0.7564871] 2.718548990320969e-06
params, loss = [0.15931699 0.75648711] 2.7185495238289713e-06
params, loss = [0.15984634 0.75271333] 2.6858558086490506e-06
params, loss = [0.15984635 0.75271333] 2.68585518705398e-06
params, loss = [0.15984634 0.75271334] 2.685855835733717e-06
params, loss = [0.16111847 0.74557514] 2.6266654473580572e-06
params, loss = [0.16111849 0.74557514] 2.6266645879722093e-06
params, loss = [0.16111847 0.74557516] 2.626665401644695e-06
params, loss = [0.16391191 0.73203455] 2.523084645867469e-06
params, loss = [0.16391192 0.73203455] 2.5230834478950887e-06
params, loss = [0.16391191 0.73203456] 2.5230844928372625e-06
params, loss = [0.1697544  0.70667137] 2.3475064068518082e-06
params, loss = [0.16975442 0.70667137] 2.3475047566412826e-06
params, loss = [0.1697544  0.70667139] 2.3475061109146146e-06
params, loss = [0.18112429 0.66112878] 2.0783371712184235e-06
params, loss = [0.18112431 0.66112878] 2.0783349506072553e-06
params, loss = [0.18112429 0.66112879] 2.078336678658536e-06
params, loss = [0.19988768 0.59237631] 1.668076655710134e-06
params, loss = [0.19988769 0.59237631] 1.6680740228387947e-06
params, loss = [0.19988768 0.59237632] 1.66807600026004e-06
params, loss = [0.22947317 0.49237509] 1.0436437214979532e-06
params, loss = [0.22947318 0.49237509] 1.0436411030075157e-06
params, loss = [0.22947317 0.49237511] 1.0436430071714586e-06
params, loss = [0.2607408  0.39749584] 3.6503288095733993e-07
params, loss = [0.26074082 0.39749584] 3.6503113226325933e-07
params, loss = [0.2607408  0.39749585] 3.6503236888278186e-07
params, loss = [0.27659842 0.35942145] 3.424323344677781e-08
params, loss = [0.27659844 0.35942145] 3.42427584642427e-08
params, loss = [0.27659842 0.35942147] 3.424307938246421e-08
params, loss = [0.27449391 0.37156284] 1.3553221338578447e-09
params, loss = [0.27449392 0.37156284] 1.3552853952536697e-09
params, loss = [0.27449391 0.37156285] 1.3553065839483546e-09
  message: Optimization terminated successfully.
  success: True
   status: 0
      fun: 1.3553221338578447e-09
        x: [ 2.745e-01  3.716e-01]
      nit: 20
      jac: [-2.465e-06 -1.044e-06]
 hess_inv: [[ 1.819e+03 -5.812e+03]
            [-5.812e+03  1.909e+04]]
     nfev: 69
     njev: 23
